components/garden/GardenCanvas.tsx(12,94): error TS6133: 'streak' is declared but its value is never read.
components/garden/GardenFullView.tsx(1,27): error TS6133: 'useEffect' is declared but its value is never read.
components/garden/GardenFullView.tsx(2,10): error TS6133: 'X' is declared but its value is never read.
components/garden/GardenFullView.tsx(2,35): error TS6133: 'Heart' is declared but its value is never read.
components/garden/GardenFullView.tsx(2,61): error TS6133: 'Sparkles' is declared but its value is never read.
components/MindfulMatchGame.tsx(15,12): error TS6133: 'moves' is declared but its value is never read.
components/pocket/AnimaView.tsx(7,16): error TS2305: Module '"../../types"' has no exported member 'Anima'.
components/pocket/AnimaView.tsx(67,134): error TS2345: Argument of type 'string' is not assignable to parameter of type '"Holo-Hamu" | "Digi-Dino" | "Neo-Shiba" | "Zen-Sloth"'.
components/pocket/PetCanvas.tsx(146,75): error TS6133: 'frame' is declared but its value is never read.
components/pocket/PocketPetView.tsx(7,16): error TS2305: Module '"../../types"' has no exported member 'PocketPet'.
components/profile/AchievementGrid.tsx(3,23): error TS6133: 'UserAchievement' is declared but its value is never read.
components/profile/AchievementGrid.tsx(4,1): error TS6133: 'UserService' is declared but its value is never read.
components/profile/AchievementGrid.tsx(41,69): error TS7006: Parameter 'ua' implicitly has an 'any' type.
contexts/AuthContext.tsx(18,51): error TS2345: Argument of type 'Promise<User | null>' is not assignable to parameter of type 'User | (() => User | null) | null'.
contexts/AuthContext.tsx(39,46): error TS2339: Property 'id' does not exist on type 'Promise<User | null>'.
contexts/AuthContext.tsx(39,78): error TS2345: Argument of type 'Promise<User | null>' is not assignable to parameter of type 'SetStateAction<User | null>'.
contexts/AuthContext.tsx(53,52): error TS7031: Binding element 'session' implicitly has an 'any' type.
index.tsx(8,25): error TS2307: Cannot find module '@sentry/react' or its corresponding type declarations.
services/cacheService.ts(95,20): error TS6133: 'useRedis' is declared but its value is never read.
