components/AdminLogin.tsx(21,25): error TS6133: 'setIsVerifying' is declared but its value is never read.
components/CheckInModal.tsx(2,41): error TS6133: 'Coffee' is declared but its value is never read.
components/pocket/AnimaView.tsx(67,84): error TS2345: Argument of type 'string' is not assignable to parameter of type '"Holo-Hamu" | "Digi-Dino" | "Neo-Shiba" | "Zen-Sloth"'.
components/pocket/LuminaView.tsx(68,84): error TS2345: Argument of type 'string' is not assignable to parameter of type '"Holo-Hamu" | "Digi-Dino" | "Neo-Shiba" | "Zen-Sloth"'.
components/pocket/PetCanvas.tsx(30,15): error TS6133: 'spawnParticles' is declared but its value is never read.
components/pocket/PetCanvas.tsx(150,75): error TS6133: 'frame' is declared but its value is never read.
components/pocket/PetCanvas.tsx(159,74): error TS6133: 'frame' is declared but its value is never read.
components/retention/BookOfYouView.tsx(2,32): error TS6133: 'Star' is declared but its value is never read.
components/retention/BookOfYouView.tsx(17,12): error TS6133: 'currentPage' is declared but its value is never read.
components/retention/BookOfYouView.tsx(17,25): error TS6133: 'setCurrentPage' is declared but its value is never read.
components/retention/BookOfYouView.tsx(33,11): error TS6133: 'totalPages' is declared but its value is never read.
components/sanctuary/ObservatoryView.tsx(1,27): error TS6133: 'useEffect' is declared but its value is never read.
components/sanctuary/ObservatoryView.tsx(15,24): error TS6133: 'setSleepHours' is declared but its value is never read.
services/petService.ts(81,20): error TS6133: 'mapAnimaBase' is declared but its value is never read.
